2025-05-11 03:21:46,643 [Worker-8: Loading available Gradle versions] INFO  o.e.b.c.i.u.g.PublishedGradleVersions - Gradle version information cache is up-to-date. Trying to read.
2025-05-11 03:22:13,407 [Worker-21: Importing Maven projects] INFO  o.e.m.c.i.l.LifecycleMappingFactory - Using org.eclipse.m2e.jdt.JarLifecycleMapping lifecycle mapping for MavenProject: com.spring.online:demo:0.0.1-SNAPSHOT @ C:\Tuneup\Tuneup-B\onlineBackend\demo\pom.xml.
2025-05-11 03:22:15,083 [Worker-21: Importing Maven projects] INFO  o.e.m.j.i.AbstractJavaProjectConfigurator - Adding source folder /demo/src/main/java
2025-05-11 03:22:15,089 [Worker-21: Importing Maven projects] INFO  o.e.m.j.i.AbstractJavaProjectConfigurator - Adding resource folder /demo/src/main/resources
2025-05-11 03:22:15,091 [Worker-21: Importing Maven projects] INFO  o.e.m.j.i.AbstractJavaProjectConfigurator - Adding resource folder /demo/src/main/resources
2025-05-11 03:22:15,093 [Worker-21: Importing Maven projects] INFO  o.e.m.j.i.AbstractJavaProjectConfigurator - Adding source folder /demo/src/test/java
2025-05-11 03:22:15,095 [Worker-21: Importing Maven projects] INFO  o.e.m.j.i.AbstractJavaProjectConfigurator - Adding resource folder /demo/src/test/resources
2025-05-11 03:22:15,583 [Worker-21: Importing Maven projects] INFO  o.e.m.c.i.p.ProjectConfigurationManager - Imported and configured 1 project(s) in 3 sec
2025-05-11 03:22:17,887 [Worker-32: Building] INFO  o.a.m.s.f.DefaultMavenResourcesFiltering - Copying 1 resource from src\main\resources to target\classes
2025-05-11 03:22:17,917 [Worker-32: Building] INFO  o.a.m.s.f.DefaultMavenResourcesFiltering - Copying 71 resources from src\main\resources to target\classes
2025-05-11 03:22:17,957 [Worker-32: Building] INFO  o.a.m.s.f.DefaultMavenResourcesFiltering - skip non existing resourceDirectory C:\Tuneup\Tuneup-B\onlineBackend\demo\src\test\resources
2025-05-11 03:22:51,596 [Worker-38: Updating Maven Project] INFO  o.e.m.c.i.p.ProjectConfigurationManager - Update started
2025-05-11 03:22:51,975 [Worker-38: Updating Maven Project] INFO  o.e.m.c.i.l.LifecycleMappingFactory - Using org.eclipse.m2e.jdt.JarLifecycleMapping lifecycle mapping for MavenProject: com.spring.online:demo:0.0.1-SNAPSHOT @ C:\Tuneup\Tuneup-B\onlineBackend\demo\pom.xml.
2025-05-11 03:22:52,481 [Worker-38: Updating Maven Project] INFO  o.e.m.j.i.AbstractJavaProjectConfigurator - Adding source folder /demo/src/main/java
2025-05-11 03:22:52,482 [Worker-38: Updating Maven Project] INFO  o.e.m.j.i.AbstractJavaProjectConfigurator - Adding resource folder /demo/src/main/resources
2025-05-11 03:22:52,483 [Worker-38: Updating Maven Project] INFO  o.e.m.j.i.AbstractJavaProjectConfigurator - Adding resource folder /demo/src/main/resources
2025-05-11 03:22:52,483 [Worker-38: Updating Maven Project] INFO  o.e.m.j.i.AbstractJavaProjectConfigurator - Adding source folder /demo/src/test/java
2025-05-11 03:22:52,483 [Worker-38: Updating Maven Project] INFO  o.e.m.j.i.AbstractJavaProjectConfigurator - Adding resource folder /demo/src/test/resources
2025-05-11 03:22:52,767 [Worker-38: Updating Maven Project] INFO  o.e.m.c.i.p.ProjectConfigurationManager - Update completed for 1 poms: local refresh takes 0.00 sec, refresh facades takes 0.00 sec, update config takes 0.00 sec 
2025-05-11 03:22:53,218 [Worker-33: Building] INFO  o.a.m.s.f.DefaultMavenResourcesFiltering - Copying 1 resource from src\main\resources to target\classes
2025-05-11 03:22:53,247 [Worker-33: Building] INFO  o.a.m.s.f.DefaultMavenResourcesFiltering - Copying 71 resources from src\main\resources to target\classes
2025-05-11 03:22:53,601 [Worker-33: Building] INFO  o.a.m.s.f.DefaultMavenResourcesFiltering - skip non existing resourceDirectory C:\Tuneup\Tuneup-B\onlineBackend\demo\src\test\resources
2025-05-11 03:23:30,947 [main] INFO  o.e.m2e.actions.ExecutePomAction - Creating new launch configuration
2025-05-11 03:24:23,154 [Worker-21: Launching demo] INFO  o.eclipse.m2e.core.internal.Bundles - getClasspathEntries(Bundle=org.eclipse.m2e.maven.runtime_3.9.700.20240602-2313 [642])
2025-05-11 03:24:23,156 [Worker-21: Launching demo] INFO  o.eclipse.m2e.core.internal.Bundles - 	Entry: C:\Users\TEJA\.p2\pool\plugins\org.eclipse.m2e.maven.runtime_3.9.700.20240602-2313
2025-05-11 03:24:23,156 [Worker-21: Launching demo] INFO  o.eclipse.m2e.core.internal.Bundles - 	Entry: C:\Users\TEJA\.p2\pool\plugins\org.eclipse.m2e.maven.runtime_3.9.700.20240602-2313\jars\aopalliance-1.0.jar
2025-05-11 03:24:23,156 [Worker-21: Launching demo] INFO  o.eclipse.m2e.core.internal.Bundles - 	Entry: C:\Users\TEJA\.p2\pool\plugins\org.eclipse.m2e.maven.runtime_3.9.700.20240602-2313\jars\guice-5.1.0.jar
2025-05-11 03:24:23,156 [Worker-21: Launching demo] INFO  o.eclipse.m2e.core.internal.Bundles - 	Entry: C:\Users\TEJA\.p2\pool\plugins\org.eclipse.m2e.maven.runtime_3.9.700.20240602-2313\jars\httpclient-4.5.14.jar
2025-05-11 03:24:23,156 [Worker-21: Launching demo] INFO  o.eclipse.m2e.core.internal.Bundles - 	Entry: C:\Users\TEJA\.p2\pool\plugins\org.eclipse.m2e.maven.runtime_3.9.700.20240602-2313\jars\httpcore-4.4.16.jar
2025-05-11 03:24:23,157 [Worker-21: Launching demo] INFO  o.eclipse.m2e.core.internal.Bundles - 	Entry: C:\Users\TEJA\.p2\pool\plugins\org.eclipse.m2e.maven.runtime_3.9.700.20240602-2313\jars\jansi-2.4.1.jar
2025-05-11 03:24:23,157 [Worker-21: Launching demo] INFO  o.eclipse.m2e.core.internal.Bundles - 	Entry: C:\Users\TEJA\.p2\pool\plugins\org.eclipse.m2e.maven.runtime_3.9.700.20240602-2313\jars\jcl-over-slf4j-1.7.36.jar
2025-05-11 03:24:23,157 [Worker-21: Launching demo] INFO  o.eclipse.m2e.core.internal.Bundles - 	Entry: C:\Users\TEJA\.p2\pool\plugins\org.eclipse.m2e.maven.runtime_3.9.700.20240602-2313\jars\maven-artifact-3.9.7.jar
2025-05-11 03:24:23,157 [Worker-21: Launching demo] INFO  o.eclipse.m2e.core.internal.Bundles - 	Entry: C:\Users\TEJA\.p2\pool\plugins\org.eclipse.m2e.maven.runtime_3.9.700.20240602-2313\jars\maven-builder-support-3.9.7.jar
2025-05-11 03:24:23,157 [Worker-21: Launching demo] INFO  o.eclipse.m2e.core.internal.Bundles - 	Entry: C:\Users\TEJA\.p2\pool\plugins\org.eclipse.m2e.maven.runtime_3.9.700.20240602-2313\jars\maven-compat-3.9.7.jar
2025-05-11 03:24:23,157 [Worker-21: Launching demo] INFO  o.eclipse.m2e.core.internal.Bundles - 	Entry: C:\Users\TEJA\.p2\pool\plugins\org.eclipse.m2e.maven.runtime_3.9.700.20240602-2313\jars\maven-core-3.9.7.jar
2025-05-11 03:24:23,157 [Worker-21: Launching demo] INFO  o.eclipse.m2e.core.internal.Bundles - 	Entry: C:\Users\TEJA\.p2\pool\plugins\org.eclipse.m2e.maven.runtime_3.9.700.20240602-2313\jars\maven-embedder-3.9.7.jar
2025-05-11 03:24:23,157 [Worker-21: Launching demo] INFO  o.eclipse.m2e.core.internal.Bundles - 	Entry: C:\Users\TEJA\.p2\pool\plugins\org.eclipse.m2e.maven.runtime_3.9.700.20240602-2313\jars\maven-model-3.9.7.jar
2025-05-11 03:24:23,157 [Worker-21: Launching demo] INFO  o.eclipse.m2e.core.internal.Bundles - 	Entry: C:\Users\TEJA\.p2\pool\plugins\org.eclipse.m2e.maven.runtime_3.9.700.20240602-2313\jars\maven-model-builder-3.9.7.jar
2025-05-11 03:24:23,158 [Worker-21: Launching demo] INFO  o.eclipse.m2e.core.internal.Bundles - 	Entry: C:\Users\TEJA\.p2\pool\plugins\org.eclipse.m2e.maven.runtime_3.9.700.20240602-2313\jars\maven-plugin-api-3.9.7.jar
2025-05-11 03:24:23,158 [Worker-21: Launching demo] INFO  o.eclipse.m2e.core.internal.Bundles - 	Entry: C:\Users\TEJA\.p2\pool\plugins\org.eclipse.m2e.maven.runtime_3.9.700.20240602-2313\jars\maven-repository-metadata-3.9.7.jar
2025-05-11 03:24:23,158 [Worker-21: Launching demo] INFO  o.eclipse.m2e.core.internal.Bundles - 	Entry: C:\Users\TEJA\.p2\pool\plugins\org.eclipse.m2e.maven.runtime_3.9.700.20240602-2313\jars\maven-resolver-api-1.9.20.jar
2025-05-11 03:24:23,158 [Worker-21: Launching demo] INFO  o.eclipse.m2e.core.internal.Bundles - 	Entry: C:\Users\TEJA\.p2\pool\plugins\org.eclipse.m2e.maven.runtime_3.9.700.20240602-2313\jars\maven-resolver-connector-basic-1.9.20.jar
2025-05-11 03:24:23,158 [Worker-21: Launching demo] INFO  o.eclipse.m2e.core.internal.Bundles - 	Entry: C:\Users\TEJA\.p2\pool\plugins\org.eclipse.m2e.maven.runtime_3.9.700.20240602-2313\jars\maven-resolver-impl-1.9.20.jar
2025-05-11 03:24:23,158 [Worker-21: Launching demo] INFO  o.eclipse.m2e.core.internal.Bundles - 	Entry: C:\Users\TEJA\.p2\pool\plugins\org.eclipse.m2e.maven.runtime_3.9.700.20240602-2313\jars\maven-resolver-named-locks-1.9.20.jar
2025-05-11 03:24:23,160 [Worker-21: Launching demo] INFO  o.eclipse.m2e.core.internal.Bundles - 	Entry: C:\Users\TEJA\.p2\pool\plugins\org.eclipse.m2e.maven.runtime_3.9.700.20240602-2313\jars\maven-resolver-provider-3.9.7.jar
2025-05-11 03:24:23,160 [Worker-21: Launching demo] INFO  o.eclipse.m2e.core.internal.Bundles - 	Entry: C:\Users\TEJA\.p2\pool\plugins\org.eclipse.m2e.maven.runtime_3.9.700.20240602-2313\jars\maven-resolver-spi-1.9.20.jar
2025-05-11 03:24:23,160 [Worker-21: Launching demo] INFO  o.eclipse.m2e.core.internal.Bundles - 	Entry: C:\Users\TEJA\.p2\pool\plugins\org.eclipse.m2e.maven.runtime_3.9.700.20240602-2313\jars\maven-resolver-transport-file-1.9.20.jar
2025-05-11 03:24:23,160 [Worker-21: Launching demo] INFO  o.eclipse.m2e.core.internal.Bundles - 	Entry: C:\Users\TEJA\.p2\pool\plugins\org.eclipse.m2e.maven.runtime_3.9.700.20240602-2313\jars\maven-resolver-transport-http-1.9.20.jar
2025-05-11 03:24:23,160 [Worker-21: Launching demo] INFO  o.eclipse.m2e.core.internal.Bundles - 	Entry: C:\Users\TEJA\.p2\pool\plugins\org.eclipse.m2e.maven.runtime_3.9.700.20240602-2313\jars\maven-resolver-transport-wagon-1.9.20.jar
2025-05-11 03:24:23,160 [Worker-21: Launching demo] INFO  o.eclipse.m2e.core.internal.Bundles - 	Entry: C:\Users\TEJA\.p2\pool\plugins\org.eclipse.m2e.maven.runtime_3.9.700.20240602-2313\jars\maven-resolver-util-1.9.20.jar
2025-05-11 03:24:23,160 [Worker-21: Launching demo] INFO  o.eclipse.m2e.core.internal.Bundles - 	Entry: C:\Users\TEJA\.p2\pool\plugins\org.eclipse.m2e.maven.runtime_3.9.700.20240602-2313\jars\maven-settings-3.9.7.jar
2025-05-11 03:24:23,160 [Worker-21: Launching demo] INFO  o.eclipse.m2e.core.internal.Bundles - 	Entry: C:\Users\TEJA\.p2\pool\plugins\org.eclipse.m2e.maven.runtime_3.9.700.20240602-2313\jars\maven-settings-builder-3.9.7.jar
2025-05-11 03:24:23,161 [Worker-21: Launching demo] INFO  o.eclipse.m2e.core.internal.Bundles - 	Entry: C:\Users\TEJA\.p2\pool\plugins\org.eclipse.m2e.maven.runtime_3.9.700.20240602-2313\jars\maven-shared-utils-3.4.2.jar
2025-05-11 03:24:23,161 [Worker-21: Launching demo] INFO  o.eclipse.m2e.core.internal.Bundles - 	Entry: C:\Users\TEJA\.p2\pool\plugins\org.eclipse.m2e.maven.runtime_3.9.700.20240602-2313\jars\org.eclipse.sisu.inject-0.9.0.M2.jar
2025-05-11 03:24:23,161 [Worker-21: Launching demo] INFO  o.eclipse.m2e.core.internal.Bundles - 	Entry: C:\Users\TEJA\.p2\pool\plugins\org.eclipse.m2e.maven.runtime_3.9.700.20240602-2313\jars\org.eclipse.sisu.plexus-0.9.0.M2.jar
2025-05-11 03:24:23,161 [Worker-21: Launching demo] INFO  o.eclipse.m2e.core.internal.Bundles - 	Entry: C:\Users\TEJA\.p2\pool\plugins\org.eclipse.m2e.maven.runtime_3.9.700.20240602-2313\jars\plexus-build-api-0.0.7.jar
2025-05-11 03:24:23,161 [Worker-21: Launching demo] INFO  o.eclipse.m2e.core.internal.Bundles - 	Entry: C:\Users\TEJA\.p2\pool\plugins\org.eclipse.m2e.maven.runtime_3.9.700.20240602-2313\jars\plexus-build-api-1.2.0.jar
2025-05-11 03:24:23,161 [Worker-21: Launching demo] INFO  o.eclipse.m2e.core.internal.Bundles - 	Entry: C:\Users\TEJA\.p2\pool\plugins\org.eclipse.m2e.maven.runtime_3.9.700.20240602-2313\jars\plexus-cipher-2.0.jar
2025-05-11 03:24:23,161 [Worker-21: Launching demo] INFO  o.eclipse.m2e.core.internal.Bundles - 	Entry: C:\Users\TEJA\.p2\pool\plugins\org.eclipse.m2e.maven.runtime_3.9.700.20240602-2313\jars\plexus-classworlds-2.8.0.jar
2025-05-11 03:24:23,161 [Worker-21: Launching demo] INFO  o.eclipse.m2e.core.internal.Bundles - 	Entry: C:\Users\TEJA\.p2\pool\plugins\org.eclipse.m2e.maven.runtime_3.9.700.20240602-2313\jars\plexus-component-annotations-2.1.0.jar
2025-05-11 03:24:23,161 [Worker-21: Launching demo] INFO  o.eclipse.m2e.core.internal.Bundles - 	Entry: C:\Users\TEJA\.p2\pool\plugins\org.eclipse.m2e.maven.runtime_3.9.700.20240602-2313\jars\plexus-interpolation-1.27.jar
2025-05-11 03:24:23,161 [Worker-21: Launching demo] INFO  o.eclipse.m2e.core.internal.Bundles - 	Entry: C:\Users\TEJA\.p2\pool\plugins\org.eclipse.m2e.maven.runtime_3.9.700.20240602-2313\jars\plexus-sec-dispatcher-2.0.jar
2025-05-11 03:24:23,161 [Worker-21: Launching demo] INFO  o.eclipse.m2e.core.internal.Bundles - 	Entry: C:\Users\TEJA\.p2\pool\plugins\org.eclipse.m2e.maven.runtime_3.9.700.20240602-2313\jars\plexus-utils-3.5.1.jar
2025-05-11 03:24:23,162 [Worker-21: Launching demo] INFO  o.eclipse.m2e.core.internal.Bundles - 	Entry: C:\Users\TEJA\.p2\pool\plugins\org.eclipse.m2e.maven.runtime_3.9.700.20240602-2313\jars\wagon-file-3.5.3.jar
2025-05-11 03:24:23,162 [Worker-21: Launching demo] INFO  o.eclipse.m2e.core.internal.Bundles - 	Entry: C:\Users\TEJA\.p2\pool\plugins\org.eclipse.m2e.maven.runtime_3.9.700.20240602-2313\jars\wagon-http-3.5.3.jar
2025-05-11 03:24:23,162 [Worker-21: Launching demo] INFO  o.eclipse.m2e.core.internal.Bundles - 	Entry: C:\Users\TEJA\.p2\pool\plugins\org.eclipse.m2e.maven.runtime_3.9.700.20240602-2313\jars\wagon-http-shared-3.5.3.jar
2025-05-11 03:24:23,162 [Worker-21: Launching demo] INFO  o.eclipse.m2e.core.internal.Bundles - 	Entry: C:\Users\TEJA\.p2\pool\plugins\org.eclipse.m2e.maven.runtime_3.9.700.20240602-2313\jars\wagon-provider-api-3.5.3.jar
2025-05-11 03:24:23,163 [Worker-21: Launching demo] INFO  o.eclipse.m2e.core.internal.Bundles - getClasspathEntries(Bundle=com.google.guava_33.2.0.jre [16])
2025-05-11 03:24:23,164 [Worker-21: Launching demo] INFO  o.eclipse.m2e.core.internal.Bundles - 	Entry: C:\Users\TEJA\.p2\pool\plugins\com.google.guava_33.2.0.jre.jar
2025-05-11 03:24:23,164 [Worker-21: Launching demo] INFO  o.eclipse.m2e.core.internal.Bundles - getClasspathEntries(Bundle=slf4j.api_2.0.13 [1007])
2025-05-11 03:24:23,164 [Worker-21: Launching demo] INFO  o.eclipse.m2e.core.internal.Bundles - 	Entry: C:\Users\TEJA\.p2\pool\plugins\slf4j.api_2.0.13.jar
2025-05-11 03:24:23,164 [Worker-21: Launching demo] INFO  o.eclipse.m2e.core.internal.Bundles - getClasspathEntries(Bundle=jakarta.inject.jakarta.inject-api_1.0.5 [33])
2025-05-11 03:24:23,164 [Worker-21: Launching demo] INFO  o.eclipse.m2e.core.internal.Bundles - 	Entry: C:\Users\TEJA\.p2\pool\plugins\jakarta.inject.jakarta.inject-api_1.0.5.jar
2025-05-11 03:24:23,164 [Worker-21: Launching demo] INFO  o.eclipse.m2e.core.internal.Bundles - getClasspathEntries(Bundle=javax.annotation_1.3.5.v20200909-1856 [44])
2025-05-11 03:24:23,165 [Worker-21: Launching demo] INFO  o.eclipse.m2e.core.internal.Bundles - 	Entry: C:\Users\TEJA\.p2\pool\plugins\javax.annotation_1.3.5.v20200909-1856.jar
2025-05-11 03:24:23,165 [Worker-21: Launching demo] INFO  o.eclipse.m2e.core.internal.Bundles - getClasspathEntries(Bundle=org.apache.commons.cli_1.8.0 [78])
2025-05-11 03:24:23,165 [Worker-21: Launching demo] INFO  o.eclipse.m2e.core.internal.Bundles - 	Entry: C:\Users\TEJA\.p2\pool\plugins\org.apache.commons.cli_1.8.0.jar
2025-05-11 03:24:23,165 [Worker-21: Launching demo] INFO  o.eclipse.m2e.core.internal.Bundles - getClasspathEntries(Bundle=org.apache.commons.commons-codec_1.16.0 [81])
2025-05-11 03:24:23,165 [Worker-21: Launching demo] INFO  o.eclipse.m2e.core.internal.Bundles - 	Entry: C:\Users\TEJA\.p2\pool\plugins\org.apache.commons.commons-codec_1.16.0.jar
2025-05-11 03:24:23,165 [Worker-21: Launching demo] INFO  o.eclipse.m2e.core.internal.Bundles - getClasspathEntries(Bundle=org.apache.commons.lang3_3.14.0 [89])
2025-05-11 03:24:23,165 [Worker-21: Launching demo] INFO  o.eclipse.m2e.core.internal.Bundles - 	Entry: C:\Users\TEJA\.p2\pool\plugins\org.apache.commons.lang3_3.14.0.jar
2025-05-11 03:24:23,165 [Worker-21: Launching demo] INFO  o.eclipse.m2e.core.internal.Bundles - getClasspathEntries(Bundle=com.google.guava.failureaccess_1.0.2 [17])
2025-05-11 03:24:23,166 [Worker-21: Launching demo] INFO  o.eclipse.m2e.core.internal.Bundles - 	Entry: C:\Users\TEJA\.p2\pool\plugins\com.google.guava.failureaccess_1.0.2.jar
2025-05-11 03:24:23,170 [Worker-21: Launching demo] INFO  o.e.m.i.launch.MavenLaunchDelegate - Run build in "C:\Tuneup\Tuneup-B\onlineBackend\demo":
2025-05-11 03:24:23,173 [Worker-21: Launching demo] INFO  o.e.m.i.launch.MavenLaunchDelegate -  mvn  -B -Dstyle.color=always clean package
2025-05-11 03:27:50,132 [Worker-22: Building] INFO  o.e.m.c.i.e.AbstractTransferListenerAdapter - Downloaded https://repo.maven.apache.org/maven2/org/apache/maven/plugins/maven-war-plugin/3.3.3/maven-war-plugin-3.3.3.jar
2025-05-11 03:27:50,171 [Worker-22: Building] INFO  o.e.m.c.i.l.LifecycleMappingFactory - Using org.maven.ide.eclipse.wtp.WarLifecycleMapping lifecycle mapping for MavenProject: com.spring.online:demo:0.0.1-SNAPSHOT @ C:\Tuneup\Tuneup-B\onlineBackend\demo\pom.xml.
2025-05-11 03:27:51,217 [Worker-22: Building] INFO  o.e.m.c.i.e.AbstractTransferListenerAdapter - Downloaded https://repo.maven.apache.org/maven2/org/apache/maven/plugins/maven-war-plugin/3.3.3/maven-war-plugin-3.3.3.pom
2025-05-11 03:27:51,220 [Worker-22: Building] WARN  o.e.m.c.i.embedder.EclipseLogger - The POM for org.apache.maven.plugins:maven-war-plugin:jar:3.3.3 is missing, no dependency information available
2025-05-11 03:27:51,520 [Worker-22: Building] WARN  o.e.m.c.i.embedder.EclipseLogger - The POM for org.apache.maven.plugins:maven-war-plugin:jar:3.3.3 is missing, no dependency information available
2025-05-11 03:27:51,583 [Worker-41: Updating Maven Project] INFO  o.e.m.c.i.p.ProjectConfigurationManager - Update started
2025-05-11 03:27:52,023 [Worker-41: Updating Maven Project] INFO  o.e.m.c.i.l.LifecycleMappingFactory - Using org.maven.ide.eclipse.wtp.WarLifecycleMapping lifecycle mapping for MavenProject: com.spring.online:demo:0.0.1-SNAPSHOT @ C:\Tuneup\Tuneup-B\onlineBackend\demo\pom.xml.
2025-05-11 03:27:52,399 [Worker-41: Updating Maven Project] WARN  o.e.m.c.i.embedder.EclipseLogger - The POM for org.apache.maven.plugins:maven-war-plugin:jar:3.3.3 is missing, no dependency information available
2025-05-11 03:27:52,555 [Worker-41: Updating Maven Project] WARN  o.e.m.c.i.embedder.EclipseLogger - The POM for org.apache.maven.plugins:maven-war-plugin:jar:3.3.3 is missing, no dependency information available
2025-05-11 03:27:52,558 [Worker-41: Updating Maven Project] INFO  o.e.m.c.i.p.ProjectConfigurationManager - Update completed for 1 poms: local refresh takes 0.00 sec, refresh facades takes 0.00 sec, update config takes 0.00 sec 
2025-05-11 03:27:52,999 [Worker-14: Building] WARN  o.e.m.c.i.embedder.EclipseLogger - The POM for org.apache.maven.plugins:maven-war-plugin:jar:3.3.3 is missing, no dependency information available
2025-05-11 03:28:22,496 [Worker-41: Building] INFO  o.e.m.c.i.l.LifecycleMappingFactory - Using org.eclipse.m2e.jdt.JarLifecycleMapping lifecycle mapping for MavenProject: com.spring.online:demo:0.0.1-SNAPSHOT @ C:\Tuneup\Tuneup-B\onlineBackend\demo\pom.xml.
2025-05-11 03:28:23,134 [Worker-41: Building] INFO  o.a.m.s.f.DefaultMavenResourcesFiltering - Copying 1 resource from src\main\resources to target\classes
2025-05-11 03:28:23,161 [Worker-41: Building] INFO  o.a.m.s.f.DefaultMavenResourcesFiltering - Copying 71 resources from src\main\resources to target\classes
2025-05-11 03:28:23,187 [Worker-41: Building] INFO  o.a.m.s.f.DefaultMavenResourcesFiltering - skip non existing resourceDirectory C:\Tuneup\Tuneup-B\onlineBackend\demo\src\test\resources
2025-05-11 03:28:24,569 [Worker-21: Building] INFO  o.a.m.s.f.DefaultMavenResourcesFiltering - Copying 1 resource from src\main\resources to target\classes
2025-05-11 03:28:24,578 [Worker-21: Building] INFO  o.a.m.s.f.DefaultMavenResourcesFiltering - Copying 71 resources from src\main\resources to target\classes
2025-05-11 03:28:25,090 [Worker-21: Building] INFO  o.a.m.s.f.DefaultMavenResourcesFiltering - skip non existing resourceDirectory C:\Tuneup\Tuneup-B\onlineBackend\demo\src\test\resources
2025-05-11 03:29:05,617 [Worker-40: Building] INFO  o.e.m.c.i.l.LifecycleMappingFactory - Using org.maven.ide.eclipse.wtp.WarLifecycleMapping lifecycle mapping for MavenProject: com.spring.online:demo:0.0.1-SNAPSHOT @ C:\Tuneup\Tuneup-B\onlineBackend\demo\pom.xml.
2025-05-11 03:29:06,418 [Worker-40: Building] INFO  o.e.m.c.i.e.AbstractTransferListenerAdapter - Downloading https://repo.maven.apache.org/maven2/org/apache/maven/maven-archiver/3.6.0/maven-archiver-3.6.0.jar
2025-05-11 03:29:06,453 [Worker-40: Building] INFO  o.e.m.c.i.e.AbstractTransferListenerAdapter - Downloaded https://repo.maven.apache.org/maven2/org/apache/maven/maven-archiver/3.6.0/maven-archiver-3.6.0.jar
2025-05-11 03:29:06,693 [BasicRepositoryConnector-repo.maven.apache.org-0-0] INFO  o.e.m.c.i.e.AbstractTransferListenerAdapter - Downloading https://repo.maven.apache.org/maven2/org/codehaus/plexus/plexus-io/3.4.0/plexus-io-3.4.0.jar
2025-05-11 03:29:06,737 [BasicRepositoryConnector-repo.maven.apache.org-0-4] INFO  o.e.m.c.i.e.AbstractTransferListenerAdapter - Downloading https://repo.maven.apache.org/maven2/org/apache/maven/shared/maven-mapping/3.0.0/maven-mapping-3.0.0.jar
2025-05-11 03:29:06,745 [BasicRepositoryConnector-repo.maven.apache.org-0-4] INFO  o.e.m.c.i.e.AbstractTransferListenerAdapter - Downloaded https://repo.maven.apache.org/maven2/org/apache/maven/shared/maven-mapping/3.0.0/maven-mapping-3.0.0.jar
2025-05-11 03:29:06,748 [BasicRepositoryConnector-repo.maven.apache.org-0-1] INFO  o.e.m.c.i.e.AbstractTransferListenerAdapter - Downloading https://repo.maven.apache.org/maven2/org/codehaus/plexus/plexus-archiver/4.7.1/plexus-archiver-4.7.1.jar
2025-05-11 03:29:06,757 [BasicRepositoryConnector-repo.maven.apache.org-0-4] INFO  o.e.m.c.i.e.AbstractTransferListenerAdapter - Downloading https://repo.maven.apache.org/maven2/org/apache/maven/maven-core/3.0/maven-core-3.0.jar
2025-05-11 03:29:06,765 [BasicRepositoryConnector-repo.maven.apache.org-0-0] INFO  o.e.m.c.i.e.AbstractTransferListenerAdapter - Downloaded https://repo.maven.apache.org/maven2/org/codehaus/plexus/plexus-io/3.4.0/plexus-io-3.4.0.jar
2025-05-11 03:29:06,772 [BasicRepositoryConnector-repo.maven.apache.org-0-2] INFO  o.e.m.c.i.e.AbstractTransferListenerAdapter - Downloading https://repo.maven.apache.org/maven2/org/apache/commons/commons-compress/1.23.0/commons-compress-1.23.0.jar
2025-05-11 03:29:06,792 [BasicRepositoryConnector-repo.maven.apache.org-0-3] INFO  o.e.m.c.i.e.AbstractTransferListenerAdapter - Downloading https://repo.maven.apache.org/maven2/com/github/luben/zstd-jni/1.5.5-2/zstd-jni-1.5.5-2.jar
2025-05-11 03:29:06,797 [BasicRepositoryConnector-repo.maven.apache.org-0-0] INFO  o.e.m.c.i.e.AbstractTransferListenerAdapter - Downloading https://repo.maven.apache.org/maven2/org/apache/maven/maven-model/3.0/maven-model-3.0.jar
2025-05-11 03:29:06,865 [BasicRepositoryConnector-repo.maven.apache.org-0-1] INFO  o.e.m.c.i.e.AbstractTransferListenerAdapter - Downloaded https://repo.maven.apache.org/maven2/org/codehaus/plexus/plexus-archiver/4.7.1/plexus-archiver-4.7.1.jar
2025-05-11 03:29:06,866 [BasicRepositoryConnector-repo.maven.apache.org-0-4] INFO  o.e.m.c.i.e.AbstractTransferListenerAdapter - Downloaded https://repo.maven.apache.org/maven2/org/apache/maven/maven-core/3.0/maven-core-3.0.jar
2025-05-11 03:29:06,905 [BasicRepositoryConnector-repo.maven.apache.org-0-4] INFO  o.e.m.c.i.e.AbstractTransferListenerAdapter - Downloading https://repo.maven.apache.org/maven2/org/apache/maven/maven-repository-metadata/3.0/maven-repository-metadata-3.0.jar
2025-05-11 03:29:06,906 [BasicRepositoryConnector-repo.maven.apache.org-0-1] INFO  o.e.m.c.i.e.AbstractTransferListenerAdapter - Downloading https://repo.maven.apache.org/maven2/org/apache/maven/maven-settings-builder/3.0/maven-settings-builder-3.0.jar
2025-05-11 03:29:06,918 [BasicRepositoryConnector-repo.maven.apache.org-0-1] INFO  o.e.m.c.i.e.AbstractTransferListenerAdapter - Downloaded https://repo.maven.apache.org/maven2/org/apache/maven/maven-settings-builder/3.0/maven-settings-builder-3.0.jar
2025-05-11 03:29:06,923 [BasicRepositoryConnector-repo.maven.apache.org-0-4] INFO  o.e.m.c.i.e.AbstractTransferListenerAdapter - Downloaded https://repo.maven.apache.org/maven2/org/apache/maven/maven-repository-metadata/3.0/maven-repository-metadata-3.0.jar
2025-05-11 03:29:06,928 [BasicRepositoryConnector-repo.maven.apache.org-0-1] INFO  o.e.m.c.i.e.AbstractTransferListenerAdapter - Downloading https://repo.maven.apache.org/maven2/org/apache/maven/maven-artifact/3.0/maven-artifact-3.0.jar
2025-05-11 03:29:06,937 [BasicRepositoryConnector-repo.maven.apache.org-0-4] INFO  o.e.m.c.i.e.AbstractTransferListenerAdapter - Downloading https://repo.maven.apache.org/maven2/org/apache/maven/maven-plugin-api/3.0/maven-plugin-api-3.0.jar
2025-05-11 03:29:06,941 [BasicRepositoryConnector-repo.maven.apache.org-0-0] INFO  o.e.m.c.i.e.AbstractTransferListenerAdapter - Downloaded https://repo.maven.apache.org/maven2/org/apache/maven/maven-model/3.0/maven-model-3.0.jar
2025-05-11 03:29:06,946 [BasicRepositoryConnector-repo.maven.apache.org-0-1] INFO  o.e.m.c.i.e.AbstractTransferListenerAdapter - Downloaded https://repo.maven.apache.org/maven2/org/apache/maven/maven-artifact/3.0/maven-artifact-3.0.jar
2025-05-11 03:29:06,948 [BasicRepositoryConnector-repo.maven.apache.org-0-4] INFO  o.e.m.c.i.e.AbstractTransferListenerAdapter - Downloaded https://repo.maven.apache.org/maven2/org/apache/maven/maven-plugin-api/3.0/maven-plugin-api-3.0.jar
2025-05-11 03:29:06,957 [BasicRepositoryConnector-repo.maven.apache.org-0-0] INFO  o.e.m.c.i.e.AbstractTransferListenerAdapter - Downloading https://repo.maven.apache.org/maven2/org/apache/maven/maven-model-builder/3.0/maven-model-builder-3.0.jar
2025-05-11 03:29:06,960 [BasicRepositoryConnector-repo.maven.apache.org-0-1] INFO  o.e.m.c.i.e.AbstractTransferListenerAdapter - Downloading https://repo.maven.apache.org/maven2/org/apache/maven/maven-aether-provider/3.0/maven-aether-provider-3.0.jar
2025-05-11 03:29:06,972 [BasicRepositoryConnector-repo.maven.apache.org-0-1] INFO  o.e.m.c.i.e.AbstractTransferListenerAdapter - Downloaded https://repo.maven.apache.org/maven2/org/apache/maven/maven-aether-provider/3.0/maven-aether-provider-3.0.jar
2025-05-11 03:29:06,973 [BasicRepositoryConnector-repo.maven.apache.org-0-0] INFO  o.e.m.c.i.e.AbstractTransferListenerAdapter - Downloaded https://repo.maven.apache.org/maven2/org/apache/maven/maven-model-builder/3.0/maven-model-builder-3.0.jar
2025-05-11 03:29:06,979 [BasicRepositoryConnector-repo.maven.apache.org-0-4] INFO  o.e.m.c.i.e.AbstractTransferListenerAdapter - Downloading https://repo.maven.apache.org/maven2/org/sonatype/aether/aether-impl/1.7/aether-impl-1.7.jar
2025-05-11 03:29:06,981 [BasicRepositoryConnector-repo.maven.apache.org-0-0] INFO  o.e.m.c.i.e.AbstractTransferListenerAdapter - Downloading https://repo.maven.apache.org/maven2/org/sonatype/aether/aether-api/1.7/aether-api-1.7.jar
2025-05-11 03:29:06,981 [BasicRepositoryConnector-repo.maven.apache.org-0-1] INFO  o.e.m.c.i.e.AbstractTransferListenerAdapter - Downloading https://repo.maven.apache.org/maven2/org/sonatype/aether/aether-spi/1.7/aether-spi-1.7.jar
2025-05-11 03:29:06,999 [BasicRepositoryConnector-repo.maven.apache.org-0-1] INFO  o.e.m.c.i.e.AbstractTransferListenerAdapter - Downloaded https://repo.maven.apache.org/maven2/org/sonatype/aether/aether-spi/1.7/aether-spi-1.7.jar
2025-05-11 03:29:06,999 [BasicRepositoryConnector-repo.maven.apache.org-0-0] INFO  o.e.m.c.i.e.AbstractTransferListenerAdapter - Downloaded https://repo.maven.apache.org/maven2/org/sonatype/aether/aether-api/1.7/aether-api-1.7.jar
2025-05-11 03:29:07,012 [BasicRepositoryConnector-repo.maven.apache.org-0-1] INFO  o.e.m.c.i.e.AbstractTransferListenerAdapter - Downloading https://repo.maven.apache.org/maven2/org/sonatype/sisu/sisu-inject-plexus/1.4.2/sisu-inject-plexus-1.4.2.jar
2025-05-11 03:29:07,012 [BasicRepositoryConnector-repo.maven.apache.org-0-0] INFO  o.e.m.c.i.e.AbstractTransferListenerAdapter - Downloading https://repo.maven.apache.org/maven2/org/sonatype/aether/aether-util/1.7/aether-util-1.7.jar
2025-05-11 03:29:07,026 [BasicRepositoryConnector-repo.maven.apache.org-0-4] INFO  o.e.m.c.i.e.AbstractTransferListenerAdapter - Downloaded https://repo.maven.apache.org/maven2/org/sonatype/aether/aether-impl/1.7/aether-impl-1.7.jar
2025-05-11 03:29:07,032 [BasicRepositoryConnector-repo.maven.apache.org-0-0] INFO  o.e.m.c.i.e.AbstractTransferListenerAdapter - Downloaded https://repo.maven.apache.org/maven2/org/sonatype/aether/aether-util/1.7/aether-util-1.7.jar
2025-05-11 03:29:07,063 [BasicRepositoryConnector-repo.maven.apache.org-0-4] INFO  o.e.m.c.i.e.AbstractTransferListenerAdapter - Downloading https://repo.maven.apache.org/maven2/org/sonatype/sisu/sisu-inject-bean/1.4.2/sisu-inject-bean-1.4.2.jar
2025-05-11 03:29:07,071 [BasicRepositoryConnector-repo.maven.apache.org-0-0] INFO  o.e.m.c.i.e.AbstractTransferListenerAdapter - Downloading https://repo.maven.apache.org/maven2/org/sonatype/sisu/sisu-guice/2.1.7/sisu-guice-2.1.7-noaop.jar
2025-05-11 03:29:07,075 [BasicRepositoryConnector-repo.maven.apache.org-0-1] INFO  o.e.m.c.i.e.AbstractTransferListenerAdapter - Downloaded https://repo.maven.apache.org/maven2/org/sonatype/sisu/sisu-inject-plexus/1.4.2/sisu-inject-plexus-1.4.2.jar
2025-05-11 03:29:07,076 [BasicRepositoryConnector-repo.maven.apache.org-0-4] INFO  o.e.m.c.i.e.AbstractTransferListenerAdapter - Downloaded https://repo.maven.apache.org/maven2/org/sonatype/sisu/sisu-inject-bean/1.4.2/sisu-inject-bean-1.4.2.jar
2025-05-11 03:29:07,167 [BasicRepositoryConnector-repo.maven.apache.org-0-1] INFO  o.e.m.c.i.e.AbstractTransferListenerAdapter - Downloading https://repo.maven.apache.org/maven2/org/codehaus/plexus/plexus-classworlds/2.2.3/plexus-classworlds-2.2.3.jar
2025-05-11 03:29:07,167 [BasicRepositoryConnector-repo.maven.apache.org-0-4] INFO  o.e.m.c.i.e.AbstractTransferListenerAdapter - Downloading https://repo.maven.apache.org/maven2/org/sonatype/plexus/plexus-sec-dispatcher/1.3/plexus-sec-dispatcher-1.3.jar
2025-05-11 03:29:07,181 [BasicRepositoryConnector-repo.maven.apache.org-0-4] INFO  o.e.m.c.i.e.AbstractTransferListenerAdapter - Downloaded https://repo.maven.apache.org/maven2/org/sonatype/plexus/plexus-sec-dispatcher/1.3/plexus-sec-dispatcher-1.3.jar
2025-05-11 03:29:07,181 [BasicRepositoryConnector-repo.maven.apache.org-0-1] INFO  o.e.m.c.i.e.AbstractTransferListenerAdapter - Downloaded https://repo.maven.apache.org/maven2/org/codehaus/plexus/plexus-classworlds/2.2.3/plexus-classworlds-2.2.3.jar
2025-05-11 03:29:07,196 [BasicRepositoryConnector-repo.maven.apache.org-0-2] INFO  o.e.m.c.i.e.AbstractTransferListenerAdapter - Downloaded https://repo.maven.apache.org/maven2/org/apache/commons/commons-compress/1.23.0/commons-compress-1.23.0.jar
2025-05-11 03:29:07,215 [BasicRepositoryConnector-repo.maven.apache.org-0-1] INFO  o.e.m.c.i.e.AbstractTransferListenerAdapter - Downloading https://repo.maven.apache.org/maven2/org/sonatype/plexus/plexus-cipher/1.4/plexus-cipher-1.4.jar
2025-05-11 03:29:07,222 [BasicRepositoryConnector-repo.maven.apache.org-0-1] INFO  o.e.m.c.i.e.AbstractTransferListenerAdapter - Downloaded https://repo.maven.apache.org/maven2/org/sonatype/plexus/plexus-cipher/1.4/plexus-cipher-1.4.jar
2025-05-11 03:29:07,338 [BasicRepositoryConnector-repo.maven.apache.org-0-0] INFO  o.e.m.c.i.e.AbstractTransferListenerAdapter - Downloaded https://repo.maven.apache.org/maven2/org/sonatype/sisu/sisu-guice/2.1.7/sisu-guice-2.1.7-noaop.jar
2025-05-11 03:29:08,893 [BasicRepositoryConnector-repo.maven.apache.org-0-3] INFO  o.e.m.c.i.e.AbstractTransferListenerAdapter - Downloaded https://repo.maven.apache.org/maven2/com/github/luben/zstd-jni/1.5.5-2/zstd-jni-1.5.5-2.jar
2025-05-11 03:29:09,355 [Worker-40: Building] INFO  o.a.m.s.f.DefaultMavenResourcesFiltering - Copying 0 resource from src\main\resources to target\classes
2025-05-11 03:29:09,363 [Worker-40: Building] INFO  o.a.m.s.f.DefaultMavenResourcesFiltering - Copying 0 resource from src\main\resources to target\classes
2025-05-11 03:29:09,368 [Worker-40: Building] INFO  o.a.m.s.f.DefaultMavenResourcesFiltering - skip non existing resourceDirectory C:\Tuneup\Tuneup-B\onlineBackend\demo\src\test\resources
2025-05-11 03:29:09,370 [Worker-40: Building] INFO  o.e.m.w.i.f.ResourceFilteringBuildParticipant - Changed resources require a complete clean of filtered resources of demo
2025-05-11 03:29:09,370 [Worker-40: Building] INFO  o.e.m.w.i.f.ResourceFilteringBuildParticipant - Executing resource filtering for demo
2025-05-11 03:29:09,451 [Worker-40: Updating Maven Project] INFO  o.e.m.c.i.p.ProjectConfigurationManager - Update started
2025-05-11 03:29:09,725 [Worker-40: Updating Maven Project] INFO  o.e.m.c.i.l.LifecycleMappingFactory - Using org.maven.ide.eclipse.wtp.WarLifecycleMapping lifecycle mapping for MavenProject: com.spring.online:demo:0.0.1-SNAPSHOT @ C:\Tuneup\Tuneup-B\onlineBackend\demo\pom.xml.
2025-05-11 03:29:10,505 [Worker-40: Updating Maven Project] INFO  o.e.m.j.i.AbstractJavaProjectConfigurator - Adding source folder /demo/src/main/java
2025-05-11 03:29:10,505 [Worker-40: Updating Maven Project] INFO  o.e.m.j.i.AbstractJavaProjectConfigurator - Adding resource folder /demo/src/main/resources
2025-05-11 03:29:10,506 [Worker-40: Updating Maven Project] INFO  o.e.m.j.i.AbstractJavaProjectConfigurator - Adding resource folder /demo/src/main/resources
2025-05-11 03:29:10,506 [Worker-40: Updating Maven Project] INFO  o.e.m.j.i.AbstractJavaProjectConfigurator - Adding source folder /demo/src/test/java
2025-05-11 03:29:10,506 [Worker-40: Updating Maven Project] INFO  o.e.m.j.i.AbstractJavaProjectConfigurator - Adding resource folder /demo/src/test/resources
2025-05-11 03:29:12,093 [Worker-40: Updating Maven Project] INFO  o.e.m.w.i.f.ResourceFilteringBuildParticipant - Cleaning filtered folder for demo
2025-05-11 03:29:12,276 [Worker-40: Updating Maven Project] INFO  o.e.m.c.i.p.ProjectConfigurationManager - Update completed for 1 poms: local refresh takes 0.00 sec, refresh facades takes 0.00 sec, update config takes 1.00 sec 
2025-05-11 03:29:12,801 [Worker-41: Building] INFO  o.a.m.s.f.DefaultMavenResourcesFiltering - Copying 1 resource from src\main\resources to target\classes
2025-05-11 03:29:12,823 [Worker-41: Building] INFO  o.a.m.s.f.DefaultMavenResourcesFiltering - Copying 71 resources from src\main\resources to target\classes
2025-05-11 03:29:13,108 [Worker-41: Building] INFO  o.a.m.s.f.DefaultMavenResourcesFiltering - skip non existing resourceDirectory C:\Tuneup\Tuneup-B\onlineBackend\demo\src\test\resources
2025-05-11 03:29:13,109 [Worker-41: Building] INFO  o.e.m.w.i.f.ResourceFilteringBuildParticipant - Changed resources require a complete clean of filtered resources of demo
2025-05-11 03:29:13,109 [Worker-41: Building] INFO  o.e.m.w.i.f.ResourceFilteringBuildParticipant - Executing resource filtering for demo
2025-05-11 03:35:20,095 [Worker-22: Building] INFO  o.a.m.s.f.DefaultMavenResourcesFiltering - Copying 1 resource from src\main\resources to target\classes
2025-05-11 03:35:20,105 [Worker-22: Building] INFO  o.a.m.s.f.DefaultMavenResourcesFiltering - Copying 71 resources from src\main\resources to target\classes
2025-05-11 03:35:20,125 [Worker-22: Building] INFO  o.a.m.s.f.DefaultMavenResourcesFiltering - skip non existing resourceDirectory C:\Tuneup\Tuneup-B\onlineBackend\demo\src\test\resources
2025-05-11 03:37:16,394 [main] INFO  o.e.m2e.actions.ExecutePomAction - Creating new launch configuration
2025-05-11 03:37:25,515 [Worker-44: Launching demo (1)] INFO  o.eclipse.m2e.core.internal.Bundles - getClasspathEntries(Bundle=org.eclipse.m2e.maven.runtime_3.9.700.20240602-2313 [642])
2025-05-11 03:37:25,516 [Worker-44: Launching demo (1)] INFO  o.eclipse.m2e.core.internal.Bundles - 	Entry: C:\Users\TEJA\.p2\pool\plugins\org.eclipse.m2e.maven.runtime_3.9.700.20240602-2313
2025-05-11 03:37:25,516 [Worker-44: Launching demo (1)] INFO  o.eclipse.m2e.core.internal.Bundles - 	Entry: C:\Users\TEJA\.p2\pool\plugins\org.eclipse.m2e.maven.runtime_3.9.700.20240602-2313\jars\aopalliance-1.0.jar
2025-05-11 03:37:25,516 [Worker-44: Launching demo (1)] INFO  o.eclipse.m2e.core.internal.Bundles - 	Entry: C:\Users\TEJA\.p2\pool\plugins\org.eclipse.m2e.maven.runtime_3.9.700.20240602-2313\jars\guice-5.1.0.jar
2025-05-11 03:37:25,516 [Worker-44: Launching demo (1)] INFO  o.eclipse.m2e.core.internal.Bundles - 	Entry: C:\Users\TEJA\.p2\pool\plugins\org.eclipse.m2e.maven.runtime_3.9.700.20240602-2313\jars\httpclient-4.5.14.jar
2025-05-11 03:37:25,516 [Worker-44: Launching demo (1)] INFO  o.eclipse.m2e.core.internal.Bundles - 	Entry: C:\Users\TEJA\.p2\pool\plugins\org.eclipse.m2e.maven.runtime_3.9.700.20240602-2313\jars\httpcore-4.4.16.jar
2025-05-11 03:37:25,516 [Worker-44: Launching demo (1)] INFO  o.eclipse.m2e.core.internal.Bundles - 	Entry: C:\Users\TEJA\.p2\pool\plugins\org.eclipse.m2e.maven.runtime_3.9.700.20240602-2313\jars\jansi-2.4.1.jar
2025-05-11 03:37:25,516 [Worker-44: Launching demo (1)] INFO  o.eclipse.m2e.core.internal.Bundles - 	Entry: C:\Users\TEJA\.p2\pool\plugins\org.eclipse.m2e.maven.runtime_3.9.700.20240602-2313\jars\jcl-over-slf4j-1.7.36.jar
2025-05-11 03:37:25,516 [Worker-44: Launching demo (1)] INFO  o.eclipse.m2e.core.internal.Bundles - 	Entry: C:\Users\TEJA\.p2\pool\plugins\org.eclipse.m2e.maven.runtime_3.9.700.20240602-2313\jars\maven-artifact-3.9.7.jar
2025-05-11 03:37:25,516 [Worker-44: Launching demo (1)] INFO  o.eclipse.m2e.core.internal.Bundles - 	Entry: C:\Users\TEJA\.p2\pool\plugins\org.eclipse.m2e.maven.runtime_3.9.700.20240602-2313\jars\maven-builder-support-3.9.7.jar
2025-05-11 03:37:25,517 [Worker-44: Launching demo (1)] INFO  o.eclipse.m2e.core.internal.Bundles - 	Entry: C:\Users\TEJA\.p2\pool\plugins\org.eclipse.m2e.maven.runtime_3.9.700.20240602-2313\jars\maven-compat-3.9.7.jar
2025-05-11 03:37:25,517 [Worker-44: Launching demo (1)] INFO  o.eclipse.m2e.core.internal.Bundles - 	Entry: C:\Users\TEJA\.p2\pool\plugins\org.eclipse.m2e.maven.runtime_3.9.700.20240602-2313\jars\maven-core-3.9.7.jar
2025-05-11 03:37:25,517 [Worker-44: Launching demo (1)] INFO  o.eclipse.m2e.core.internal.Bundles - 	Entry: C:\Users\TEJA\.p2\pool\plugins\org.eclipse.m2e.maven.runtime_3.9.700.20240602-2313\jars\maven-embedder-3.9.7.jar
2025-05-11 03:37:25,517 [Worker-44: Launching demo (1)] INFO  o.eclipse.m2e.core.internal.Bundles - 	Entry: C:\Users\TEJA\.p2\pool\plugins\org.eclipse.m2e.maven.runtime_3.9.700.20240602-2313\jars\maven-model-3.9.7.jar
2025-05-11 03:37:25,517 [Worker-44: Launching demo (1)] INFO  o.eclipse.m2e.core.internal.Bundles - 	Entry: C:\Users\TEJA\.p2\pool\plugins\org.eclipse.m2e.maven.runtime_3.9.700.20240602-2313\jars\maven-model-builder-3.9.7.jar
2025-05-11 03:37:25,517 [Worker-44: Launching demo (1)] INFO  o.eclipse.m2e.core.internal.Bundles - 	Entry: C:\Users\TEJA\.p2\pool\plugins\org.eclipse.m2e.maven.runtime_3.9.700.20240602-2313\jars\maven-plugin-api-3.9.7.jar
2025-05-11 03:37:25,517 [Worker-44: Launching demo (1)] INFO  o.eclipse.m2e.core.internal.Bundles - 	Entry: C:\Users\TEJA\.p2\pool\plugins\org.eclipse.m2e.maven.runtime_3.9.700.20240602-2313\jars\maven-repository-metadata-3.9.7.jar
2025-05-11 03:37:25,517 [Worker-44: Launching demo (1)] INFO  o.eclipse.m2e.core.internal.Bundles - 	Entry: C:\Users\TEJA\.p2\pool\plugins\org.eclipse.m2e.maven.runtime_3.9.700.20240602-2313\jars\maven-resolver-api-1.9.20.jar
2025-05-11 03:37:25,517 [Worker-44: Launching demo (1)] INFO  o.eclipse.m2e.core.internal.Bundles - 	Entry: C:\Users\TEJA\.p2\pool\plugins\org.eclipse.m2e.maven.runtime_3.9.700.20240602-2313\jars\maven-resolver-connector-basic-1.9.20.jar
2025-05-11 03:37:25,517 [Worker-44: Launching demo (1)] INFO  o.eclipse.m2e.core.internal.Bundles - 	Entry: C:\Users\TEJA\.p2\pool\plugins\org.eclipse.m2e.maven.runtime_3.9.700.20240602-2313\jars\maven-resolver-impl-1.9.20.jar
2025-05-11 03:37:25,517 [Worker-44: Launching demo (1)] INFO  o.eclipse.m2e.core.internal.Bundles - 	Entry: C:\Users\TEJA\.p2\pool\plugins\org.eclipse.m2e.maven.runtime_3.9.700.20240602-2313\jars\maven-resolver-named-locks-1.9.20.jar
2025-05-11 03:37:25,517 [Worker-44: Launching demo (1)] INFO  o.eclipse.m2e.core.internal.Bundles - 	Entry: C:\Users\TEJA\.p2\pool\plugins\org.eclipse.m2e.maven.runtime_3.9.700.20240602-2313\jars\maven-resolver-provider-3.9.7.jar
2025-05-11 03:37:25,517 [Worker-44: Launching demo (1)] INFO  o.eclipse.m2e.core.internal.Bundles - 	Entry: C:\Users\TEJA\.p2\pool\plugins\org.eclipse.m2e.maven.runtime_3.9.700.20240602-2313\jars\maven-resolver-spi-1.9.20.jar
2025-05-11 03:37:25,517 [Worker-44: Launching demo (1)] INFO  o.eclipse.m2e.core.internal.Bundles - 	Entry: C:\Users\TEJA\.p2\pool\plugins\org.eclipse.m2e.maven.runtime_3.9.700.20240602-2313\jars\maven-resolver-transport-file-1.9.20.jar
2025-05-11 03:37:25,519 [Worker-44: Launching demo (1)] INFO  o.eclipse.m2e.core.internal.Bundles - 	Entry: C:\Users\TEJA\.p2\pool\plugins\org.eclipse.m2e.maven.runtime_3.9.700.20240602-2313\jars\maven-resolver-transport-http-1.9.20.jar
2025-05-11 03:37:25,519 [Worker-44: Launching demo (1)] INFO  o.eclipse.m2e.core.internal.Bundles - 	Entry: C:\Users\TEJA\.p2\pool\plugins\org.eclipse.m2e.maven.runtime_3.9.700.20240602-2313\jars\maven-resolver-transport-wagon-1.9.20.jar
2025-05-11 03:37:25,519 [Worker-44: Launching demo (1)] INFO  o.eclipse.m2e.core.internal.Bundles - 	Entry: C:\Users\TEJA\.p2\pool\plugins\org.eclipse.m2e.maven.runtime_3.9.700.20240602-2313\jars\maven-resolver-util-1.9.20.jar
2025-05-11 03:37:25,519 [Worker-44: Launching demo (1)] INFO  o.eclipse.m2e.core.internal.Bundles - 	Entry: C:\Users\TEJA\.p2\pool\plugins\org.eclipse.m2e.maven.runtime_3.9.700.20240602-2313\jars\maven-settings-3.9.7.jar
2025-05-11 03:37:25,519 [Worker-44: Launching demo (1)] INFO  o.eclipse.m2e.core.internal.Bundles - 	Entry: C:\Users\TEJA\.p2\pool\plugins\org.eclipse.m2e.maven.runtime_3.9.700.20240602-2313\jars\maven-settings-builder-3.9.7.jar
2025-05-11 03:37:25,519 [Worker-44: Launching demo (1)] INFO  o.eclipse.m2e.core.internal.Bundles - 	Entry: C:\Users\TEJA\.p2\pool\plugins\org.eclipse.m2e.maven.runtime_3.9.700.20240602-2313\jars\maven-shared-utils-3.4.2.jar
2025-05-11 03:37:25,519 [Worker-44: Launching demo (1)] INFO  o.eclipse.m2e.core.internal.Bundles - 	Entry: C:\Users\TEJA\.p2\pool\plugins\org.eclipse.m2e.maven.runtime_3.9.700.20240602-2313\jars\org.eclipse.sisu.inject-0.9.0.M2.jar
2025-05-11 03:37:25,519 [Worker-44: Launching demo (1)] INFO  o.eclipse.m2e.core.internal.Bundles - 	Entry: C:\Users\TEJA\.p2\pool\plugins\org.eclipse.m2e.maven.runtime_3.9.700.20240602-2313\jars\org.eclipse.sisu.plexus-0.9.0.M2.jar
2025-05-11 03:37:25,519 [Worker-44: Launching demo (1)] INFO  o.eclipse.m2e.core.internal.Bundles - 	Entry: C:\Users\TEJA\.p2\pool\plugins\org.eclipse.m2e.maven.runtime_3.9.700.20240602-2313\jars\plexus-build-api-0.0.7.jar
2025-05-11 03:37:25,519 [Worker-44: Launching demo (1)] INFO  o.eclipse.m2e.core.internal.Bundles - 	Entry: C:\Users\TEJA\.p2\pool\plugins\org.eclipse.m2e.maven.runtime_3.9.700.20240602-2313\jars\plexus-build-api-1.2.0.jar
2025-05-11 03:37:25,519 [Worker-44: Launching demo (1)] INFO  o.eclipse.m2e.core.internal.Bundles - 	Entry: C:\Users\TEJA\.p2\pool\plugins\org.eclipse.m2e.maven.runtime_3.9.700.20240602-2313\jars\plexus-cipher-2.0.jar
2025-05-11 03:37:25,519 [Worker-44: Launching demo (1)] INFO  o.eclipse.m2e.core.internal.Bundles - 	Entry: C:\Users\TEJA\.p2\pool\plugins\org.eclipse.m2e.maven.runtime_3.9.700.20240602-2313\jars\plexus-classworlds-2.8.0.jar
2025-05-11 03:37:25,520 [Worker-44: Launching demo (1)] INFO  o.eclipse.m2e.core.internal.Bundles - 	Entry: C:\Users\TEJA\.p2\pool\plugins\org.eclipse.m2e.maven.runtime_3.9.700.20240602-2313\jars\plexus-component-annotations-2.1.0.jar
2025-05-11 03:37:25,520 [Worker-44: Launching demo (1)] INFO  o.eclipse.m2e.core.internal.Bundles - 	Entry: C:\Users\TEJA\.p2\pool\plugins\org.eclipse.m2e.maven.runtime_3.9.700.20240602-2313\jars\plexus-interpolation-1.27.jar
2025-05-11 03:37:25,520 [Worker-44: Launching demo (1)] INFO  o.eclipse.m2e.core.internal.Bundles - 	Entry: C:\Users\TEJA\.p2\pool\plugins\org.eclipse.m2e.maven.runtime_3.9.700.20240602-2313\jars\plexus-sec-dispatcher-2.0.jar
2025-05-11 03:37:25,520 [Worker-44: Launching demo (1)] INFO  o.eclipse.m2e.core.internal.Bundles - 	Entry: C:\Users\TEJA\.p2\pool\plugins\org.eclipse.m2e.maven.runtime_3.9.700.20240602-2313\jars\plexus-utils-3.5.1.jar
2025-05-11 03:37:25,520 [Worker-44: Launching demo (1)] INFO  o.eclipse.m2e.core.internal.Bundles - 	Entry: C:\Users\TEJA\.p2\pool\plugins\org.eclipse.m2e.maven.runtime_3.9.700.20240602-2313\jars\wagon-file-3.5.3.jar
2025-05-11 03:37:25,520 [Worker-44: Launching demo (1)] INFO  o.eclipse.m2e.core.internal.Bundles - 	Entry: C:\Users\TEJA\.p2\pool\plugins\org.eclipse.m2e.maven.runtime_3.9.700.20240602-2313\jars\wagon-http-3.5.3.jar
2025-05-11 03:37:25,520 [Worker-44: Launching demo (1)] INFO  o.eclipse.m2e.core.internal.Bundles - 	Entry: C:\Users\TEJA\.p2\pool\plugins\org.eclipse.m2e.maven.runtime_3.9.700.20240602-2313\jars\wagon-http-shared-3.5.3.jar
2025-05-11 03:37:25,520 [Worker-44: Launching demo (1)] INFO  o.eclipse.m2e.core.internal.Bundles - 	Entry: C:\Users\TEJA\.p2\pool\plugins\org.eclipse.m2e.maven.runtime_3.9.700.20240602-2313\jars\wagon-provider-api-3.5.3.jar
2025-05-11 03:37:25,520 [Worker-44: Launching demo (1)] INFO  o.eclipse.m2e.core.internal.Bundles - getClasspathEntries(Bundle=com.google.guava_33.2.0.jre [16])
2025-05-11 03:37:25,521 [Worker-44: Launching demo (1)] INFO  o.eclipse.m2e.core.internal.Bundles - 	Entry: C:\Users\TEJA\.p2\pool\plugins\com.google.guava_33.2.0.jre.jar
2025-05-11 03:37:25,521 [Worker-44: Launching demo (1)] INFO  o.eclipse.m2e.core.internal.Bundles - getClasspathEntries(Bundle=slf4j.api_2.0.13 [1007])
2025-05-11 03:37:25,521 [Worker-44: Launching demo (1)] INFO  o.eclipse.m2e.core.internal.Bundles - 	Entry: C:\Users\TEJA\.p2\pool\plugins\slf4j.api_2.0.13.jar
2025-05-11 03:37:25,521 [Worker-44: Launching demo (1)] INFO  o.eclipse.m2e.core.internal.Bundles - getClasspathEntries(Bundle=jakarta.inject.jakarta.inject-api_1.0.5 [33])
2025-05-11 03:37:25,521 [Worker-44: Launching demo (1)] INFO  o.eclipse.m2e.core.internal.Bundles - 	Entry: C:\Users\TEJA\.p2\pool\plugins\jakarta.inject.jakarta.inject-api_1.0.5.jar
2025-05-11 03:37:25,521 [Worker-44: Launching demo (1)] INFO  o.eclipse.m2e.core.internal.Bundles - getClasspathEntries(Bundle=javax.annotation_1.3.5.v20200909-1856 [44])
2025-05-11 03:37:25,521 [Worker-44: Launching demo (1)] INFO  o.eclipse.m2e.core.internal.Bundles - 	Entry: C:\Users\TEJA\.p2\pool\plugins\javax.annotation_1.3.5.v20200909-1856.jar
2025-05-11 03:37:25,521 [Worker-44: Launching demo (1)] INFO  o.eclipse.m2e.core.internal.Bundles - getClasspathEntries(Bundle=org.apache.commons.cli_1.8.0 [78])
2025-05-11 03:37:25,522 [Worker-44: Launching demo (1)] INFO  o.eclipse.m2e.core.internal.Bundles - 	Entry: C:\Users\TEJA\.p2\pool\plugins\org.apache.commons.cli_1.8.0.jar
2025-05-11 03:37:25,522 [Worker-44: Launching demo (1)] INFO  o.eclipse.m2e.core.internal.Bundles - getClasspathEntries(Bundle=org.apache.commons.commons-codec_1.16.0 [81])
2025-05-11 03:37:25,522 [Worker-44: Launching demo (1)] INFO  o.eclipse.m2e.core.internal.Bundles - 	Entry: C:\Users\TEJA\.p2\pool\plugins\org.apache.commons.commons-codec_1.16.0.jar
2025-05-11 03:37:25,522 [Worker-44: Launching demo (1)] INFO  o.eclipse.m2e.core.internal.Bundles - getClasspathEntries(Bundle=org.apache.commons.lang3_3.14.0 [89])
2025-05-11 03:37:25,522 [Worker-44: Launching demo (1)] INFO  o.eclipse.m2e.core.internal.Bundles - 	Entry: C:\Users\TEJA\.p2\pool\plugins\org.apache.commons.lang3_3.14.0.jar
2025-05-11 03:37:25,522 [Worker-44: Launching demo (1)] INFO  o.eclipse.m2e.core.internal.Bundles - getClasspathEntries(Bundle=com.google.guava.failureaccess_1.0.2 [17])
2025-05-11 03:37:25,522 [Worker-44: Launching demo (1)] INFO  o.eclipse.m2e.core.internal.Bundles - 	Entry: C:\Users\TEJA\.p2\pool\plugins\com.google.guava.failureaccess_1.0.2.jar
2025-05-11 03:37:25,524 [Worker-44: Launching demo (1)] INFO  o.e.m.i.launch.MavenLaunchDelegate - Run build in "C:\Tuneup\Tuneup-B\onlineBackend\demo":
2025-05-11 03:37:25,524 [Worker-44: Launching demo (1)] INFO  o.e.m.i.launch.MavenLaunchDelegate -  mvn  -B -Dstyle.color=always clean package
2025-05-11 03:37:25,877 [Worker-47: Building] INFO  o.e.m.c.i.l.LifecycleMappingFactory - Using org.maven.ide.eclipse.wtp.WarLifecycleMapping lifecycle mapping for MavenProject: com.spring.online:demo:0.0.1-SNAPSHOT @ C:\Tuneup\Tuneup-B\onlineBackend\demo\pom.xml.
2025-05-11 03:37:26,609 [Worker-47: Building] INFO  o.a.m.s.f.DefaultMavenResourcesFiltering - Copying 0 resource from src\main\resources to target\classes
2025-05-11 03:37:26,620 [Worker-47: Building] INFO  o.a.m.s.f.DefaultMavenResourcesFiltering - Copying 0 resource from src\main\resources to target\classes
2025-05-11 03:37:26,625 [Worker-47: Building] INFO  o.a.m.s.f.DefaultMavenResourcesFiltering - skip non existing resourceDirectory C:\Tuneup\Tuneup-B\onlineBackend\demo\src\test\resources
2025-05-11 03:37:26,625 [Worker-47: Building] INFO  o.e.m.w.i.f.ResourceFilteringBuildParticipant - Changed resources require a complete clean of filtered resources of demo
2025-05-11 03:37:26,626 [Worker-47: Building] INFO  o.e.m.w.i.f.ResourceFilteringBuildParticipant - Executing resource filtering for demo
2025-05-11 07:08:49,085 [Worker-2: Loading available Gradle versions] INFO  o.e.b.c.i.u.g.PublishedGradleVersions - Gradle version information cache is up-to-date. Trying to read.
2025-05-11 07:08:54,739 [Worker-2: Building] INFO  o.e.m.c.i.l.LifecycleMappingFactory - Using org.eclipse.m2e.jdt.JarLifecycleMapping lifecycle mapping for MavenProject: com.spring.online:demo:0.0.1-SNAPSHOT @ C:\Tuneup\Tuneup-B\onlineBackend\demo\pom.xml.
2025-05-11 07:08:56,060 [Worker-2: Building] INFO  o.a.m.s.f.DefaultMavenResourcesFiltering - Copying 1 resource from src\main\resources to target\classes
2025-05-11 07:08:56,089 [Worker-2: Building] INFO  o.a.m.s.f.DefaultMavenResourcesFiltering - Copying 71 resources from src\main\resources to target\classes
2025-05-11 07:08:56,677 [Worker-2: Building] INFO  o.a.m.s.f.DefaultMavenResourcesFiltering - skip non existing resourceDirectory C:\Tuneup\Tuneup-B\onlineBackend\demo\src\test\resources
2025-05-11 07:08:57,420 [Worker-9: Updating Maven Project] INFO  o.e.m.c.i.p.ProjectConfigurationManager - Update started
2025-05-11 07:08:58,346 [Worker-9: Updating Maven Project] INFO  o.e.m.c.i.l.LifecycleMappingFactory - Using org.eclipse.m2e.jdt.JarLifecycleMapping lifecycle mapping for MavenProject: com.spring.online:demo:0.0.1-SNAPSHOT @ C:\Tuneup\Tuneup-B\onlineBackend\demo\pom.xml.
2025-05-11 07:08:59,902 [Worker-9: Updating Maven Project] INFO  o.e.m.j.i.AbstractJavaProjectConfigurator - Adding source folder /demo/src/main/java
2025-05-11 07:08:59,909 [Worker-9: Updating Maven Project] INFO  o.e.m.j.i.AbstractJavaProjectConfigurator - Adding resource folder /demo/src/main/resources
2025-05-11 07:08:59,910 [Worker-9: Updating Maven Project] INFO  o.e.m.j.i.AbstractJavaProjectConfigurator - Adding resource folder /demo/src/main/resources
2025-05-11 07:08:59,911 [Worker-9: Updating Maven Project] INFO  o.e.m.j.i.AbstractJavaProjectConfigurator - Adding source folder /demo/src/test/java
2025-05-11 07:08:59,915 [Worker-9: Updating Maven Project] INFO  o.e.m.j.i.AbstractJavaProjectConfigurator - Adding resource folder /demo/src/test/resources
2025-05-11 07:09:00,658 [Worker-9: Updating Maven Project] INFO  o.e.m.c.i.p.ProjectConfigurationManager - Update completed for 1 poms: local refresh takes 0.00 sec, refresh facades takes 2.00 sec, update config takes 0.00 sec 
2025-05-11 07:09:01,224 [Worker-12: Building] INFO  o.a.m.s.f.DefaultMavenResourcesFiltering - Copying 1 resource from src\main\resources to target\classes
2025-05-11 07:09:01,265 [Worker-12: Building] INFO  o.a.m.s.f.DefaultMavenResourcesFiltering - Copying 71 resources from src\main\resources to target\classes
2025-05-11 07:09:02,010 [Worker-12: Building] INFO  o.a.m.s.f.DefaultMavenResourcesFiltering - skip non existing resourceDirectory C:\Tuneup\Tuneup-B\onlineBackend\demo\src\test\resources
2025-05-11 07:09:59,255 [main] INFO  o.e.m2e.actions.ExecutePomAction - Creating new launch configuration
2025-05-11 07:10:31,980 [main] INFO  o.e.m2e.actions.ExecutePomAction - Creating new launch configuration
2025-05-11 07:10:38,915 [Worker-20: Launching demo (3)] INFO  o.eclipse.m2e.core.internal.Bundles - getClasspathEntries(Bundle=org.eclipse.m2e.maven.runtime_3.9.700.20240602-2313 [642])
2025-05-11 07:10:38,917 [Worker-20: Launching demo (3)] INFO  o.eclipse.m2e.core.internal.Bundles - 	Entry: C:\Users\TEJA\.p2\pool\plugins\org.eclipse.m2e.maven.runtime_3.9.700.20240602-2313
2025-05-11 07:10:38,918 [Worker-20: Launching demo (3)] INFO  o.eclipse.m2e.core.internal.Bundles - 	Entry: C:\Users\TEJA\.p2\pool\plugins\org.eclipse.m2e.maven.runtime_3.9.700.20240602-2313\jars\aopalliance-1.0.jar
2025-05-11 07:10:38,918 [Worker-20: Launching demo (3)] INFO  o.eclipse.m2e.core.internal.Bundles - 	Entry: C:\Users\TEJA\.p2\pool\plugins\org.eclipse.m2e.maven.runtime_3.9.700.20240602-2313\jars\guice-5.1.0.jar
2025-05-11 07:10:38,918 [Worker-20: Launching demo (3)] INFO  o.eclipse.m2e.core.internal.Bundles - 	Entry: C:\Users\TEJA\.p2\pool\plugins\org.eclipse.m2e.maven.runtime_3.9.700.20240602-2313\jars\httpclient-4.5.14.jar
2025-05-11 07:10:38,919 [Worker-20: Launching demo (3)] INFO  o.eclipse.m2e.core.internal.Bundles - 	Entry: C:\Users\TEJA\.p2\pool\plugins\org.eclipse.m2e.maven.runtime_3.9.700.20240602-2313\jars\httpcore-4.4.16.jar
2025-05-11 07:10:38,919 [Worker-20: Launching demo (3)] INFO  o.eclipse.m2e.core.internal.Bundles - 	Entry: C:\Users\TEJA\.p2\pool\plugins\org.eclipse.m2e.maven.runtime_3.9.700.20240602-2313\jars\jansi-2.4.1.jar
2025-05-11 07:10:38,919 [Worker-20: Launching demo (3)] INFO  o.eclipse.m2e.core.internal.Bundles - 	Entry: C:\Users\TEJA\.p2\pool\plugins\org.eclipse.m2e.maven.runtime_3.9.700.20240602-2313\jars\jcl-over-slf4j-1.7.36.jar
2025-05-11 07:10:38,920 [Worker-20: Launching demo (3)] INFO  o.eclipse.m2e.core.internal.Bundles - 	Entry: C:\Users\TEJA\.p2\pool\plugins\org.eclipse.m2e.maven.runtime_3.9.700.20240602-2313\jars\maven-artifact-3.9.7.jar
2025-05-11 07:10:38,920 [Worker-20: Launching demo (3)] INFO  o.eclipse.m2e.core.internal.Bundles - 	Entry: C:\Users\TEJA\.p2\pool\plugins\org.eclipse.m2e.maven.runtime_3.9.700.20240602-2313\jars\maven-builder-support-3.9.7.jar
2025-05-11 07:10:38,920 [Worker-20: Launching demo (3)] INFO  o.eclipse.m2e.core.internal.Bundles - 	Entry: C:\Users\TEJA\.p2\pool\plugins\org.eclipse.m2e.maven.runtime_3.9.700.20240602-2313\jars\maven-compat-3.9.7.jar
2025-05-11 07:10:38,920 [Worker-20: Launching demo (3)] INFO  o.eclipse.m2e.core.internal.Bundles - 	Entry: C:\Users\TEJA\.p2\pool\plugins\org.eclipse.m2e.maven.runtime_3.9.700.20240602-2313\jars\maven-core-3.9.7.jar
2025-05-11 07:10:38,921 [Worker-20: Launching demo (3)] INFO  o.eclipse.m2e.core.internal.Bundles - 	Entry: C:\Users\TEJA\.p2\pool\plugins\org.eclipse.m2e.maven.runtime_3.9.700.20240602-2313\jars\maven-embedder-3.9.7.jar
2025-05-11 07:10:38,921 [Worker-20: Launching demo (3)] INFO  o.eclipse.m2e.core.internal.Bundles - 	Entry: C:\Users\TEJA\.p2\pool\plugins\org.eclipse.m2e.maven.runtime_3.9.700.20240602-2313\jars\maven-model-3.9.7.jar
2025-05-11 07:10:38,921 [Worker-20: Launching demo (3)] INFO  o.eclipse.m2e.core.internal.Bundles - 	Entry: C:\Users\TEJA\.p2\pool\plugins\org.eclipse.m2e.maven.runtime_3.9.700.20240602-2313\jars\maven-model-builder-3.9.7.jar
2025-05-11 07:10:38,921 [Worker-20: Launching demo (3)] INFO  o.eclipse.m2e.core.internal.Bundles - 	Entry: C:\Users\TEJA\.p2\pool\plugins\org.eclipse.m2e.maven.runtime_3.9.700.20240602-2313\jars\maven-plugin-api-3.9.7.jar
2025-05-11 07:10:38,921 [Worker-20: Launching demo (3)] INFO  o.eclipse.m2e.core.internal.Bundles - 	Entry: C:\Users\TEJA\.p2\pool\plugins\org.eclipse.m2e.maven.runtime_3.9.700.20240602-2313\jars\maven-repository-metadata-3.9.7.jar
2025-05-11 07:10:38,921 [Worker-20: Launching demo (3)] INFO  o.eclipse.m2e.core.internal.Bundles - 	Entry: C:\Users\TEJA\.p2\pool\plugins\org.eclipse.m2e.maven.runtime_3.9.700.20240602-2313\jars\maven-resolver-api-1.9.20.jar
2025-05-11 07:10:38,921 [Worker-20: Launching demo (3)] INFO  o.eclipse.m2e.core.internal.Bundles - 	Entry: C:\Users\TEJA\.p2\pool\plugins\org.eclipse.m2e.maven.runtime_3.9.700.20240602-2313\jars\maven-resolver-connector-basic-1.9.20.jar
2025-05-11 07:10:38,921 [Worker-20: Launching demo (3)] INFO  o.eclipse.m2e.core.internal.Bundles - 	Entry: C:\Users\TEJA\.p2\pool\plugins\org.eclipse.m2e.maven.runtime_3.9.700.20240602-2313\jars\maven-resolver-impl-1.9.20.jar
2025-05-11 07:10:38,923 [Worker-20: Launching demo (3)] INFO  o.eclipse.m2e.core.internal.Bundles - 	Entry: C:\Users\TEJA\.p2\pool\plugins\org.eclipse.m2e.maven.runtime_3.9.700.20240602-2313\jars\maven-resolver-named-locks-1.9.20.jar
2025-05-11 07:10:38,923 [Worker-20: Launching demo (3)] INFO  o.eclipse.m2e.core.internal.Bundles - 	Entry: C:\Users\TEJA\.p2\pool\plugins\org.eclipse.m2e.maven.runtime_3.9.700.20240602-2313\jars\maven-resolver-provider-3.9.7.jar
2025-05-11 07:10:38,923 [Worker-20: Launching demo (3)] INFO  o.eclipse.m2e.core.internal.Bundles - 	Entry: C:\Users\TEJA\.p2\pool\plugins\org.eclipse.m2e.maven.runtime_3.9.700.20240602-2313\jars\maven-resolver-spi-1.9.20.jar
2025-05-11 07:10:38,923 [Worker-20: Launching demo (3)] INFO  o.eclipse.m2e.core.internal.Bundles - 	Entry: C:\Users\TEJA\.p2\pool\plugins\org.eclipse.m2e.maven.runtime_3.9.700.20240602-2313\jars\maven-resolver-transport-file-1.9.20.jar
2025-05-11 07:10:38,923 [Worker-20: Launching demo (3)] INFO  o.eclipse.m2e.core.internal.Bundles - 	Entry: C:\Users\TEJA\.p2\pool\plugins\org.eclipse.m2e.maven.runtime_3.9.700.20240602-2313\jars\maven-resolver-transport-http-1.9.20.jar
2025-05-11 07:10:38,923 [Worker-20: Launching demo (3)] INFO  o.eclipse.m2e.core.internal.Bundles - 	Entry: C:\Users\TEJA\.p2\pool\plugins\org.eclipse.m2e.maven.runtime_3.9.700.20240602-2313\jars\maven-resolver-transport-wagon-1.9.20.jar
2025-05-11 07:10:38,923 [Worker-20: Launching demo (3)] INFO  o.eclipse.m2e.core.internal.Bundles - 	Entry: C:\Users\TEJA\.p2\pool\plugins\org.eclipse.m2e.maven.runtime_3.9.700.20240602-2313\jars\maven-resolver-util-1.9.20.jar
2025-05-11 07:10:38,923 [Worker-20: Launching demo (3)] INFO  o.eclipse.m2e.core.internal.Bundles - 	Entry: C:\Users\TEJA\.p2\pool\plugins\org.eclipse.m2e.maven.runtime_3.9.700.20240602-2313\jars\maven-settings-3.9.7.jar
2025-05-11 07:10:38,923 [Worker-20: Launching demo (3)] INFO  o.eclipse.m2e.core.internal.Bundles - 	Entry: C:\Users\TEJA\.p2\pool\plugins\org.eclipse.m2e.maven.runtime_3.9.700.20240602-2313\jars\maven-settings-builder-3.9.7.jar
2025-05-11 07:10:38,924 [Worker-20: Launching demo (3)] INFO  o.eclipse.m2e.core.internal.Bundles - 	Entry: C:\Users\TEJA\.p2\pool\plugins\org.eclipse.m2e.maven.runtime_3.9.700.20240602-2313\jars\maven-shared-utils-3.4.2.jar
2025-05-11 07:10:38,924 [Worker-20: Launching demo (3)] INFO  o.eclipse.m2e.core.internal.Bundles - 	Entry: C:\Users\TEJA\.p2\pool\plugins\org.eclipse.m2e.maven.runtime_3.9.700.20240602-2313\jars\org.eclipse.sisu.inject-0.9.0.M2.jar
2025-05-11 07:10:38,924 [Worker-20: Launching demo (3)] INFO  o.eclipse.m2e.core.internal.Bundles - 	Entry: C:\Users\TEJA\.p2\pool\plugins\org.eclipse.m2e.maven.runtime_3.9.700.20240602-2313\jars\org.eclipse.sisu.plexus-0.9.0.M2.jar
2025-05-11 07:10:38,924 [Worker-20: Launching demo (3)] INFO  o.eclipse.m2e.core.internal.Bundles - 	Entry: C:\Users\TEJA\.p2\pool\plugins\org.eclipse.m2e.maven.runtime_3.9.700.20240602-2313\jars\plexus-build-api-0.0.7.jar
2025-05-11 07:10:38,924 [Worker-20: Launching demo (3)] INFO  o.eclipse.m2e.core.internal.Bundles - 	Entry: C:\Users\TEJA\.p2\pool\plugins\org.eclipse.m2e.maven.runtime_3.9.700.20240602-2313\jars\plexus-build-api-1.2.0.jar
2025-05-11 07:10:38,924 [Worker-20: Launching demo (3)] INFO  o.eclipse.m2e.core.internal.Bundles - 	Entry: C:\Users\TEJA\.p2\pool\plugins\org.eclipse.m2e.maven.runtime_3.9.700.20240602-2313\jars\plexus-cipher-2.0.jar
2025-05-11 07:10:38,924 [Worker-20: Launching demo (3)] INFO  o.eclipse.m2e.core.internal.Bundles - 	Entry: C:\Users\TEJA\.p2\pool\plugins\org.eclipse.m2e.maven.runtime_3.9.700.20240602-2313\jars\plexus-classworlds-2.8.0.jar
2025-05-11 07:10:38,924 [Worker-20: Launching demo (3)] INFO  o.eclipse.m2e.core.internal.Bundles - 	Entry: C:\Users\TEJA\.p2\pool\plugins\org.eclipse.m2e.maven.runtime_3.9.700.20240602-2313\jars\plexus-component-annotations-2.1.0.jar
2025-05-11 07:10:38,924 [Worker-20: Launching demo (3)] INFO  o.eclipse.m2e.core.internal.Bundles - 	Entry: C:\Users\TEJA\.p2\pool\plugins\org.eclipse.m2e.maven.runtime_3.9.700.20240602-2313\jars\plexus-interpolation-1.27.jar
2025-05-11 07:10:38,924 [Worker-20: Launching demo (3)] INFO  o.eclipse.m2e.core.internal.Bundles - 	Entry: C:\Users\TEJA\.p2\pool\plugins\org.eclipse.m2e.maven.runtime_3.9.700.20240602-2313\jars\plexus-sec-dispatcher-2.0.jar
2025-05-11 07:10:38,925 [Worker-20: Launching demo (3)] INFO  o.eclipse.m2e.core.internal.Bundles - 	Entry: C:\Users\TEJA\.p2\pool\plugins\org.eclipse.m2e.maven.runtime_3.9.700.20240602-2313\jars\plexus-utils-3.5.1.jar
2025-05-11 07:10:38,925 [Worker-20: Launching demo (3)] INFO  o.eclipse.m2e.core.internal.Bundles - 	Entry: C:\Users\TEJA\.p2\pool\plugins\org.eclipse.m2e.maven.runtime_3.9.700.20240602-2313\jars\wagon-file-3.5.3.jar
2025-05-11 07:10:38,925 [Worker-20: Launching demo (3)] INFO  o.eclipse.m2e.core.internal.Bundles - 	Entry: C:\Users\TEJA\.p2\pool\plugins\org.eclipse.m2e.maven.runtime_3.9.700.20240602-2313\jars\wagon-http-3.5.3.jar
2025-05-11 07:10:38,925 [Worker-20: Launching demo (3)] INFO  o.eclipse.m2e.core.internal.Bundles - 	Entry: C:\Users\TEJA\.p2\pool\plugins\org.eclipse.m2e.maven.runtime_3.9.700.20240602-2313\jars\wagon-http-shared-3.5.3.jar
2025-05-11 07:10:38,925 [Worker-20: Launching demo (3)] INFO  o.eclipse.m2e.core.internal.Bundles - 	Entry: C:\Users\TEJA\.p2\pool\plugins\org.eclipse.m2e.maven.runtime_3.9.700.20240602-2313\jars\wagon-provider-api-3.5.3.jar
2025-05-11 07:10:38,926 [Worker-20: Launching demo (3)] INFO  o.eclipse.m2e.core.internal.Bundles - getClasspathEntries(Bundle=com.google.guava_33.2.0.jre [16])
2025-05-11 07:10:38,927 [Worker-20: Launching demo (3)] INFO  o.eclipse.m2e.core.internal.Bundles - 	Entry: C:\Users\TEJA\.p2\pool\plugins\com.google.guava_33.2.0.jre.jar
2025-05-11 07:10:38,927 [Worker-20: Launching demo (3)] INFO  o.eclipse.m2e.core.internal.Bundles - getClasspathEntries(Bundle=slf4j.api_2.0.13 [1007])
2025-05-11 07:10:38,928 [Worker-20: Launching demo (3)] INFO  o.eclipse.m2e.core.internal.Bundles - 	Entry: C:\Users\TEJA\.p2\pool\plugins\slf4j.api_2.0.13.jar
2025-05-11 07:10:38,928 [Worker-20: Launching demo (3)] INFO  o.eclipse.m2e.core.internal.Bundles - getClasspathEntries(Bundle=jakarta.inject.jakarta.inject-api_1.0.5 [33])
2025-05-11 07:10:38,928 [Worker-20: Launching demo (3)] INFO  o.eclipse.m2e.core.internal.Bundles - 	Entry: C:\Users\TEJA\.p2\pool\plugins\jakarta.inject.jakarta.inject-api_1.0.5.jar
2025-05-11 07:10:38,928 [Worker-20: Launching demo (3)] INFO  o.eclipse.m2e.core.internal.Bundles - getClasspathEntries(Bundle=javax.annotation_1.3.5.v20200909-1856 [44])
2025-05-11 07:10:38,928 [Worker-20: Launching demo (3)] INFO  o.eclipse.m2e.core.internal.Bundles - 	Entry: C:\Users\TEJA\.p2\pool\plugins\javax.annotation_1.3.5.v20200909-1856.jar
2025-05-11 07:10:38,928 [Worker-20: Launching demo (3)] INFO  o.eclipse.m2e.core.internal.Bundles - getClasspathEntries(Bundle=org.apache.commons.cli_1.8.0 [78])
2025-05-11 07:10:38,928 [Worker-20: Launching demo (3)] INFO  o.eclipse.m2e.core.internal.Bundles - 	Entry: C:\Users\TEJA\.p2\pool\plugins\org.apache.commons.cli_1.8.0.jar
2025-05-11 07:10:38,928 [Worker-20: Launching demo (3)] INFO  o.eclipse.m2e.core.internal.Bundles - getClasspathEntries(Bundle=org.apache.commons.commons-codec_1.16.0 [81])
2025-05-11 07:10:38,929 [Worker-20: Launching demo (3)] INFO  o.eclipse.m2e.core.internal.Bundles - 	Entry: C:\Users\TEJA\.p2\pool\plugins\org.apache.commons.commons-codec_1.16.0.jar
2025-05-11 07:10:38,929 [Worker-20: Launching demo (3)] INFO  o.eclipse.m2e.core.internal.Bundles - getClasspathEntries(Bundle=org.apache.commons.lang3_3.14.0 [89])
2025-05-11 07:10:38,929 [Worker-20: Launching demo (3)] INFO  o.eclipse.m2e.core.internal.Bundles - 	Entry: C:\Users\TEJA\.p2\pool\plugins\org.apache.commons.lang3_3.14.0.jar
2025-05-11 07:10:38,929 [Worker-20: Launching demo (3)] INFO  o.eclipse.m2e.core.internal.Bundles - getClasspathEntries(Bundle=com.google.guava.failureaccess_1.0.2 [17])
2025-05-11 07:10:38,929 [Worker-20: Launching demo (3)] INFO  o.eclipse.m2e.core.internal.Bundles - 	Entry: C:\Users\TEJA\.p2\pool\plugins\com.google.guava.failureaccess_1.0.2.jar
2025-05-11 07:10:38,932 [Worker-20: Launching demo (3)] INFO  o.e.m.i.launch.MavenLaunchDelegate - Run build in "C:\Tuneup\Tuneup-B\onlineBackend\demo":
2025-05-11 07:10:38,935 [Worker-20: Launching demo (3)] INFO  o.e.m.i.launch.MavenLaunchDelegate -  mvn  -B -Dstyle.color=always clean package
2025-05-11 07:11:52,845 [Worker-14: Building] INFO  o.a.m.s.f.DefaultMavenResourcesFiltering - Copying 1 resource from src\main\resources to target\classes
2025-05-11 07:11:52,862 [Worker-14: Building] INFO  o.a.m.s.f.DefaultMavenResourcesFiltering - Copying 71 resources from src\main\resources to target\classes
2025-05-11 07:11:52,894 [Worker-14: Building] INFO  o.a.m.s.f.DefaultMavenResourcesFiltering - skip non existing resourceDirectory C:\Tuneup\Tuneup-B\onlineBackend\demo\src\test\resources
